[
  {
    "task_id": "task_01_python_fix_test",
    "task_name": "Python: Fix Failing Test",
    "description": "Fix a failing test in a Python calculator module",
    "status": "success",
    "start_time": "2025-12-16T06:13:07.189696+00:00",
    "end_time": "2025-12-16T06:13:08.178195+00:00",
    "duration_seconds": 0.988499,
    "iterations": 1,
    "repair_iterations": 1,
    "error_message": null,
    "artifacts_path": "/home/ubuntu/mini-devin/tests/phase35_tasks/output/task_01_python_fix_test",
    "details": {
      "workspace": "/tmp/mini_devin_task_01_python_fix_test_4gwrej8f",
      "applied_fixes": [
        "Fix divide function to handle division by zero"
      ],
      "fix_success": true,
      "verification_stdout": "============================= test session starts ==============================\nplatform linux -- Python 3.12.8, pytest-7.4.4, pluggy-1.6.0 -- /home/ubuntu/.cache/pypoetry/virtualenvs/mini-devin-FnqKKNSV-py3.12/bin/python\ncachedir: .pytest_cache\nrootdir: /tmp/mini_devin_task_01_python_fix_test_4gwrej8f\nplugins: anyio-4.12.0, asyncio-0.21.2\nasyncio: mode=Mode.STRICT\ncollecting ... collected 9 items\n\ntests/test_calculator.py::TestAdd::test_add_positive_numbers PASSED      [ 11%]\ntests/test_calculator.py::TestAdd::test_add_negative_numbers PASSED      [ 22%]\ntests/test_calculator.py::TestAdd::test_add_mixed_numbers PASSED         [ 33%]\ntests/test_calculator.py::TestSubtract::test_subtract_positive_numbers PASSED [ 44%]\ntests/test_calculator.py::TestSubtract::test_subtract_negative_numbers PASSED [ 55%]\ntests/test_calculator.py::TestMultiply::test_multiply_positive_numbers PASSED [ 66%]\ntests/test_calculator.py::TestMultiply::test_multiply_by_zero PASSED     [ 77%]\ntests/test_calculator.py::TestDivide::test_divide_positive_numbers PASSED [ 88%]\ntests/test_calculator.py::TestDivide::test_divide_by_zero PASSED         [100%]\n\n============================== 9 passed in 0.02s ===============================\n",
      "verification_stderr": ""
    }
  },
  {
    "task_id": "task_02_python_add_feature",
    "task_name": "Python: Add Feature",
    "description": "Add a power function to the calculator",
    "status": "success",
    "start_time": "2025-12-16T06:13:08.178637+00:00",
    "end_time": "2025-12-16T06:13:09.183909+00:00",
    "duration_seconds": 1.005272,
    "iterations": 3,
    "repair_iterations": 1,
    "error_message": null,
    "artifacts_path": "/home/ubuntu/mini-devin/tests/phase35_tasks/output/task_02_python_add_feature",
    "details": {
      "workspace": "/tmp/mini_devin_task_02_python_add_feature_dzvq0s11",
      "applied_fixes": [
        "Add power function to calculator",
        "Import power function in tests",
        "Add tests for power function"
      ],
      "fix_success": true,
      "verification_stdout": "============================= test session starts ==============================\nplatform linux -- Python 3.12.8, pytest-7.4.4, pluggy-1.6.0 -- /home/ubuntu/.cache/pypoetry/virtualenvs/mini-devin-FnqKKNSV-py3.12/bin/python\ncachedir: .pytest_cache\nrootdir: /tmp/mini_devin_task_02_python_add_feature_dzvq0s11\nplugins: anyio-4.12.0, asyncio-0.21.2\nasyncio: mode=Mode.STRICT\ncollecting ... collected 12 items\n\ntests/test_calculator.py::TestAdd::test_add_positive_numbers PASSED      [  8%]\ntests/test_calculator.py::TestAdd::test_add_negative_numbers PASSED      [ 16%]\ntests/test_calculator.py::TestAdd::test_add_mixed_numbers PASSED         [ 25%]\ntests/test_calculator.py::TestSubtract::test_subtract_positive_numbers PASSED [ 33%]\ntests/test_calculator.py::TestSubtract::test_subtract_negative_numbers PASSED [ 41%]\ntests/test_calculator.py::TestMultiply::test_multiply_positive_numbers PASSED [ 50%]\ntests/test_calculator.py::TestMultiply::test_multiply_by_zero PASSED     [ 58%]\ntests/test_calculator.py::TestDivide::test_divide_positive_numbers PASSED [ 66%]\ntests/test_calculator.py::TestDivide::test_divide_by_zero PASSED         [ 75%]\ntests/test_calculator.py::TestPower::test_power_positive PASSED          [ 83%]\ntests/test_calculator.py::TestPower::test_power_zero_exponent PASSED     [ 91%]\ntests/test_calculator.py::TestPower::test_power_negative_exponent PASSED [100%]\n\n============================== 12 passed in 0.03s ==============================\n",
      "verification_stderr": ""
    }
  },
  {
    "task_id": "task_03_python_refactor",
    "task_name": "Python: Refactor Code",
    "description": "Refactor calculator to use a Calculator class",
    "status": "failure",
    "start_time": "2025-12-16T06:13:09.184324+00:00",
    "end_time": "2025-12-16T06:13:10.227670+00:00",
    "duration_seconds": 1.043346,
    "iterations": 1,
    "repair_iterations": 0,
    "error_message": null,
    "artifacts_path": "/home/ubuntu/mini-devin/tests/phase35_tasks/output/task_03_python_refactor",
    "details": {
      "workspace": "/tmp/mini_devin_task_03_python_refactor_xhss00x4",
      "applied_fixes": [],
      "fix_success": true,
      "verification_stdout": "============================= test session starts ==============================\nplatform linux -- Python 3.12.8, pytest-7.4.4, pluggy-1.6.0 -- /home/ubuntu/.cache/pypoetry/virtualenvs/mini-devin-FnqKKNSV-py3.12/bin/python\ncachedir: .pytest_cache\nrootdir: /tmp/mini_devin_task_03_python_refactor_xhss00x4\nplugins: anyio-4.12.0, asyncio-0.21.2\nasyncio: mode=Mode.STRICT\ncollecting ... collected 9 items\n\ntests/test_calculator.py::TestAdd::test_add_positive_numbers PASSED      [ 11%]\ntests/test_calculator.py::TestAdd::test_add_negative_numbers PASSED      [ 22%]\ntests/test_calculator.py::TestAdd::test_add_mixed_numbers PASSED         [ 33%]\ntests/test_calculator.py::TestSubtract::test_subtract_positive_numbers PASSED [ 44%]\ntests/test_calculator.py::TestSubtract::test_subtract_negative_numbers PASSED [ 55%]\ntests/test_calculator.py::TestMultiply::test_multiply_positive_numbers PASSED [ 66%]\ntests/test_calculator.py::TestMultiply::test_multiply_by_zero PASSED     [ 77%]\ntests/test_calculator.py::TestDivide::test_divide_positive_numbers PASSED [ 88%]\ntests/test_calculator.py::TestDivide::test_divide_by_zero FAILED         [100%]\n\n=================================== FAILURES ===================================\n________________________ TestDivide.test_divide_by_zero ________________________\n\nself = <tests.test_calculator.TestDivide object at 0x7ff979701340>\n\n    def test_divide_by_zero(self):\n        \"\"\"This test will fail because divide doesn't handle zero properly.\"\"\"\n        with pytest.raises(ValueError, match=\"Cannot divide by zero\"):\n>           divide(5, 0)\n\ntests/test_calculator.py:41: \n_ _ _ _ _ _ _ _ _ _ _ _ _ _ _ _ _ _ _ _ _ _ _ _ _ _ _ _ _ _ _ _ _ _ _ _ _ _ _ _ \n\na = 5, b = 0\n\n    def divide(a: float, b: float) -> float:\n        \"\"\"Divide a by b.\n    \n        BUG: This function doesn't handle division by zero properly.\n        It should raise a ValueError with a descriptive message.\n        \"\"\"\n        # BUG: No check for division by zero\n>       return a / b\nE       ZeroDivisionError: division by zero\n\nsrc/calculator.py:26: ZeroDivisionError\n=========================== short test summary info ============================\nFAILED tests/test_calculator.py::TestDivide::test_divide_by_zero - ZeroDivisi...\n========================= 1 failed, 8 passed in 0.04s ==========================\n",
      "verification_stderr": "",
      "verification_exit_code": 1
    }
  },
  {
    "task_id": "task_04_node_fix_test",
    "task_name": "Node: Fix Failing Test",
    "description": "Fix a failing test in a Node.js string utilities module",
    "status": "success",
    "start_time": "2025-12-16T06:13:10.228232+00:00",
    "end_time": "2025-12-16T06:13:16.345184+00:00",
    "duration_seconds": 6.116952,
    "iterations": 1,
    "repair_iterations": 1,
    "error_message": null,
    "artifacts_path": "/home/ubuntu/mini-devin/tests/phase35_tasks/output/task_04_node_fix_test",
    "details": {
      "workspace": "/tmp/mini_devin_task_04_node_fix_test_b1p67ivk",
      "applied_fixes": [
        "Fix capitalize to handle empty strings"
      ],
      "fix_success": true,
      "verification_stdout": "\n> string-utils@1.0.0 test\n> jest\n\n",
      "verification_stderr": "PASS tests/stringUtils.test.js\n  capitalize\n    \u2713 should capitalize first letter (2 ms)\n    \u2713 should handle already capitalized string\n    \u2713 should handle empty string in capitalize\n  toLowerCase\n    \u2713 should convert to lowercase\n    \u2713 should handle mixed case\n  toUpperCase\n    \u2713 should convert to uppercase\n  reverse\n    \u2713 should reverse a string\n    \u2713 should handle empty string (1 ms)\n\nTest Suites: 1 passed, 1 total\nTests:       8 passed, 8 total\nSnapshots:   0 total\nTime:        0.29 s\nRan all test suites.\n"
    }
  },
  {
    "task_id": "task_05_node_add_feature",
    "task_name": "Node: Add Feature",
    "description": "Add a truncate function to string utilities",
    "status": "success",
    "start_time": "2025-12-16T06:13:16.392135+00:00",
    "end_time": "2025-12-16T06:13:20.213642+00:00",
    "duration_seconds": 3.821507,
    "iterations": 4,
    "repair_iterations": 1,
    "error_message": null,
    "artifacts_path": "/home/ubuntu/mini-devin/tests/phase35_tasks/output/task_05_node_add_feature",
    "details": {
      "workspace": "/tmp/mini_devin_task_05_node_add_feature_yw52b_1n",
      "applied_fixes": [
        "Add truncate function",
        "Export truncate function",
        "Import truncate in tests",
        "Add tests for truncate function"
      ],
      "fix_success": true,
      "verification_stdout": "\n> string-utils@1.0.0 test\n> jest\n\n",
      "verification_stderr": "PASS tests/stringUtils.test.js\n  capitalize\n    \u2713 should capitalize first letter (2 ms)\n    \u2713 should handle already capitalized string (1 ms)\n    \u2713 should handle empty string in capitalize\n  toLowerCase\n    \u2713 should convert to lowercase (1 ms)\n    \u2713 should handle mixed case\n  toUpperCase\n    \u2713 should convert to uppercase (1 ms)\n  reverse\n    \u2713 should reverse a string\n    \u2713 should handle empty string\n  truncate\n    \u2713 should truncate long strings\n    \u2713 should not truncate short strings (1 ms)\n    \u2713 should handle empty string\n\nTest Suites: 1 passed, 1 total\nTests:       11 passed, 11 total\nSnapshots:   0 total\nTime:        0.297 s\nRan all test suites.\n"
    }
  },
  {
    "task_id": "task_06_node_refactor",
    "task_name": "Node: Refactor Code",
    "description": "Refactor string utilities to use ES6 class",
    "status": "failure",
    "start_time": "2025-12-16T06:13:20.260626+00:00",
    "end_time": "2025-12-16T06:13:23.984615+00:00",
    "duration_seconds": 3.723989,
    "iterations": 1,
    "repair_iterations": 0,
    "error_message": null,
    "artifacts_path": "/home/ubuntu/mini-devin/tests/phase35_tasks/output/task_06_node_refactor",
    "details": {
      "workspace": "/tmp/mini_devin_task_06_node_refactor_kkya7yz3",
      "applied_fixes": [],
      "fix_success": true,
      "verification_stdout": "\n> string-utils@1.0.0 test\n> jest\n\n",
      "verification_stderr": "FAIL tests/stringUtils.test.js\n  capitalize\n    \u2713 should capitalize first letter (4 ms)\n    \u2713 should handle already capitalized string\n    \u2715 should handle empty string in capitalize\n  toLowerCase\n    \u2713 should convert to lowercase (1 ms)\n    \u2713 should handle mixed case\n  toUpperCase\n    \u2713 should convert to uppercase (1 ms)\n  reverse\n    \u2713 should reverse a string\n    \u2713 should handle empty string\n\n  \u25cf capitalize \u203a should handle empty string in capitalize\n\n    TypeError: Cannot read properties of undefined (reading 'toUpperCase')\n\n      13 |   // BUG: This will throw an error for empty strings\n      14 |   // because str[0] is undefined and toUpperCase() fails\n    > 15 |   return str[0].toUpperCase() + str.slice(1);\n         |                 ^\n      16 | }\n      17 |\n      18 | /**\n\n      at toUpperCase (src/stringUtils.js:15:17)\n      at Object.capitalize (tests/stringUtils.test.js:14:12)\n\nTest Suites: 1 failed, 1 total\nTests:       1 failed, 7 passed, 8 total\nSnapshots:   0 total\nTime:        0.304 s\nRan all test suites.\n",
      "verification_exit_code": 1
    }
  },
  {
    "task_id": "task_07_mixed_fix_backend",
    "task_name": "Mixed: Fix Backend Test",
    "description": "Fix a failing test in the backend validation module",
    "status": "success",
    "start_time": "2025-12-16T06:13:24.031447+00:00",
    "end_time": "2025-12-16T06:13:25.032621+00:00",
    "duration_seconds": 1.001174,
    "iterations": 1,
    "repair_iterations": 0,
    "error_message": null,
    "artifacts_path": "/home/ubuntu/mini-devin/tests/phase35_tasks/output/task_07_mixed_fix_backend",
    "details": {
      "workspace": "/tmp/mini_devin_task_07_mixed_fix_backend_cg0v4tr3",
      "applied_fixes": [],
      "fix_success": true,
      "verification_stdout": "============================= test session starts ==============================\nplatform linux -- Python 3.12.8, pytest-7.4.4, pluggy-1.6.0 -- /home/ubuntu/.cache/pypoetry/virtualenvs/mini-devin-FnqKKNSV-py3.12/bin/python\ncachedir: .pytest_cache\nrootdir: /tmp/mini_devin_task_07_mixed_fix_backend_cg0v4tr3/backend\nplugins: anyio-4.12.0, asyncio-0.21.2\nasyncio: mode=Mode.STRICT\ncollecting ... collected 11 items\n\ntests/test_validation.py::TestValidateEmail::test_valid_email PASSED     [  9%]\ntests/test_validation.py::TestValidateEmail::test_invalid_email_no_at PASSED [ 18%]\ntests/test_validation.py::TestValidateEmail::test_invalid_email_no_domain PASSED [ 27%]\ntests/test_validation.py::TestValidateEmail::test_empty_email PASSED     [ 36%]\ntests/test_validation.py::TestValidatePassword::test_valid_password PASSED [ 45%]\ntests/test_validation.py::TestValidatePassword::test_password_too_short PASSED [ 54%]\ntests/test_validation.py::TestValidatePassword::test_password_no_uppercase PASSED [ 63%]\ntests/test_validation.py::TestValidatePassword::test_password_no_digit PASSED [ 72%]\ntests/test_validation.py::TestValidateUsername::test_valid_username PASSED [ 81%]\ntests/test_validation.py::TestValidateUsername::test_username_too_short PASSED [ 90%]\ntests/test_validation.py::TestValidateUsername::test_username_invalid_chars PASSED [100%]\n\n============================== 11 passed in 0.03s ==============================\n",
      "verification_stderr": ""
    }
  },
  {
    "task_id": "task_08_mixed_fix_frontend",
    "task_name": "Mixed: Fix Frontend Test",
    "description": "Fix a failing test in the frontend validation module",
    "status": "success",
    "start_time": "2025-12-16T06:13:25.033264+00:00",
    "end_time": "2025-12-16T06:13:28.778591+00:00",
    "duration_seconds": 3.745327,
    "iterations": 1,
    "repair_iterations": 0,
    "error_message": null,
    "artifacts_path": "/home/ubuntu/mini-devin/tests/phase35_tasks/output/task_08_mixed_fix_frontend",
    "details": {
      "workspace": "/tmp/mini_devin_task_08_mixed_fix_frontend_2wekubm6",
      "applied_fixes": [],
      "fix_success": true,
      "verification_stdout": "\n> mixed-app-frontend@1.0.0 test\n> jest\n\n",
      "verification_stderr": "PASS tests/validation.test.js\n  validateEmail\n    \u2713 should accept valid email (2 ms)\n    \u2713 should reject email without @ (1 ms)\n    \u2713 should reject empty email\n  validatePassword\n    \u2713 should accept valid password (1 ms)\n    \u2713 should reject short password (1 ms)\n    \u2713 should reject password without uppercase\n  validateUsername\n    \u2713 should accept valid username (1 ms)\n    \u2713 should reject short username\n    \u2713 should reject username with invalid chars (1 ms)\n\nTest Suites: 1 passed, 1 total\nTests:       9 passed, 9 total\nSnapshots:   0 total\nTime:        0.297 s\nRan all test suites.\n"
    }
  },
  {
    "task_id": "task_09_python_add_docs",
    "task_name": "Python: Add Documentation",
    "description": "Add docstrings to all functions in calculator module",
    "status": "success",
    "start_time": "2025-12-16T06:13:28.822793+00:00",
    "end_time": "2025-12-16T06:13:28.876256+00:00",
    "duration_seconds": 0.053463,
    "iterations": 1,
    "repair_iterations": 0,
    "error_message": null,
    "artifacts_path": "/home/ubuntu/mini-devin/tests/phase35_tasks/output/task_09_python_add_docs",
    "details": {
      "workspace": "/tmp/mini_devin_task_09_python_add_docs_fm_jbc2i",
      "applied_fixes": [],
      "fix_success": true,
      "verification_stdout": "Help on module src.calculator in src:\n\nNAME\n    src.calculator - Simple calculator module with a bug in divide function.\n\nFUNCTIONS\n    add(a: float, b: float) -> float\n        Add two numbers.\n\n    divide(a: float, b: float) -> float\n        Divide a by b.\n\n        BUG: This function doesn't handle division by zero properly.\n        It should raise a ValueError with a descriptive message.\n\n    multiply(a: float, b: float) -> float\n        Multiply two numbers.\n\n    subtract(a: float, b: float) -> float\n        Subtract b from a.\n\nFILE\n    /tmp/mini_devin_task_09_python_add_docs_fm_jbc2i/src/calculator.py\n\n\n",
      "verification_stderr": ""
    }
  },
  {
    "task_id": "task_10_node_error_handling",
    "task_name": "Node: Add Error Handling",
    "description": "Add proper error handling to string utilities",
    "status": "success",
    "start_time": "2025-12-16T06:13:28.876470+00:00",
    "end_time": "2025-12-16T06:13:32.680557+00:00",
    "duration_seconds": 3.804087,
    "iterations": 2,
    "repair_iterations": 1,
    "error_message": null,
    "artifacts_path": "/home/ubuntu/mini-devin/tests/phase35_tasks/output/task_10_node_error_handling",
    "details": {
      "workspace": "/tmp/mini_devin_task_10_node_error_handling_t4rxjjvk",
      "applied_fixes": [
        "Add type checking to all functions",
        "Add error handling tests"
      ],
      "fix_success": true,
      "verification_stdout": "\n> string-utils@1.0.0 test\n> jest\n\n",
      "verification_stderr": "PASS tests/stringUtils.test.js\n  capitalize\n    \u2713 should capitalize first letter (1 ms)\n    \u2713 should handle already capitalized string (1 ms)\n    \u2713 should handle empty string in capitalize\n  toLowerCase\n    \u2713 should convert to lowercase\n    \u2713 should handle mixed case\n  toUpperCase\n    \u2713 should convert to uppercase\n  reverse\n    \u2713 should reverse a string\n    \u2713 should handle empty string\n  error handling\n    \u2713 capitalize should throw TypeError for non-string (5 ms)\n    \u2713 toLowerCase should throw TypeError for non-string (1 ms)\n    \u2713 toUpperCase should throw TypeError for non-string (1 ms)\n    \u2713 reverse should throw TypeError for non-string\n\nTest Suites: 1 passed, 1 total\nTests:       12 passed, 12 total\nSnapshots:   0 total\nTime:        0.306 s\nRan all test suites.\n"
    }
  }
]